Using pre-set license
Built from '2020.2/release' branch; Version is '2020.2.2f1 (068178b99f32) revision 426360'; Using compiler version '192528614'; Build Type 'Release'
OS: 'Windows 10 Home Single Language; OS build 18363.1316; Version 1909; 64bit' Language: 'ru' Physical Memory: 12171 MB
BatchMode: 1, IsHumanControllingUs: 0, StartBugReporterOnCrash: 0, Is64bit: 1, IsPro: 0

 COMMAND LINE ARGUMENTS:
D:\Unity\2020.2.2f1\Editor\Unity.exe
-adb2
-batchMode
-noUpm
-name
AssetImportWorker0
-projectPath
D:/PensionersWidget
-logFile
Logs/AssetImportWorker0.log
-srvPort
52291
Successfully changed project path to: D:/PensionersWidget
D:/PensionersWidget
Using Asset Import Pipeline V2.
Refreshing native plugins compatible for Editor in 93.06 ms, found 1 plugins.
Preloading 0 native plugins for Editor in 0.00 ms.
Initialize engine version: 2020.2.2f1 (068178b99f32)
[Subsystems] Discovering subsystems at path D:/Unity/2020.2.2f1/Editor/Data/Resources/UnitySubsystems
[Subsystems] Discovering subsystems at path D:/PensionersWidget/Assets
GfxDevice: creating device client; threaded=0
Direct3D:
    Version:  Direct3D 11.0 [level 11.1]
    Renderer: NVIDIA GeForce GTX 1050 (ID=0x1c8d)
    Vendor:   
    VRAM:     1977 MB
    Driver:   27.21.14.5671
Initialize mono
Mono path[0] = 'D:/Unity/2020.2.2f1/Editor/Data/Managed'
Mono path[1] = 'D:/Unity/2020.2.2f1/Editor/Data/MonoBleedingEdge/lib/mono/unityjit'
Mono config path = 'D:/Unity/2020.2.2f1/Editor/Data/MonoBleedingEdge/etc'
Using monoOptions --debugger-agent=transport=dt_socket,embedding=1,server=y,suspend=n,address=127.0.0.1:56976
Begin MonoManager ReloadAssembly
Registering precompiled unity dll's ...
Register platform support module: D:/Unity/2020.2.2f1/Editor/Data/PlaybackEngines/MacStandaloneSupport/UnityEditor.OSXStandalone.Extensions.dll
Register platform support module: D:/Unity/2020.2.2f1/Editor/Data/PlaybackEngines/WindowsStandaloneSupport/UnityEditor.WindowsStandalone.Extensions.dll
Registered in 0.001752 seconds.
Native extension for WindowsStandalone target not found
Native extension for OSXStandalone target not found
Refreshing native plugins compatible for Editor in 60.24 ms, found 1 plugins.
Preloading 0 native plugins for Editor in 0.00 ms.
Invoked RoslynAnalysisRunner static constructor.
RoslynAnalysisRunner will not be running.
RoslynAnalysisRunner has terminated.
Mono: successfully reloaded assembly
- Completed reload, in  2.363 seconds
Platform modules already initialized, skipping
Registering precompiled user dll's ...
Registered in 0.002050 seconds.
Begin MonoManager ReloadAssembly
Error: Could not load signature of Unity.Android.Logcat.AndroidLogcat:.ctor due to: Could not load file or assembly 'UnityEditor.Android.Extensions, Version=1.0.0.0, Culture=neutral, PublicKeyToken=null' or one of its dependencies. assembly:UnityEditor.Android.Extensions, Version=1.0.0.0, Culture=neutral, PublicKeyToken=null type:<unknown type> member:(null) signature:<none>
0x00007ff6c399f02c (Unity) StackWalker::GetCurrentCallstack
0x00007ff6c39a7409 (Unity) StackWalker::ShowCallstack
0x00007ff6c4e6fafc (Unity) GetStacktrace
0x00007ff6c5f4af63 (Unity) DebugStringToFile
0x00007ff6c37c59eb (Unity) ScanForAttributesAndInterfaceImplementations
0x00007ff6c37d8dba (Unity) MonoManager::EndReloadAssembly
0x00007ff6c37dffe9 (Unity) MonoManager::ReloadAssembly
0x00007ff6c4b7a2a1 (Unity) LoadDomainAndUserAssemblies
0x00007ff6c4b7a74e (Unity) LoadUserAssemblies
0x00007ff6c4507ee1 (Unity) Application::InitializeProject
0x00007ff6c4e7d0b2 (Unity) WinMain
0x00007ff6c6ce0c66 (Unity) __scrt_common_main_seh
0x00007fff25627c24 (KERNEL32) BaseThreadInitThunk
0x00007fff258cd4d1 (ntdll) RtlUserThreadStart

Unloading broken assembly Library/ScriptAssemblies/Unity.Mobile.AndroidLogcat.Editor.dll, this assembly can cause crashes in the runtime
0x00007ff6c399f02c (Unity) StackWalker::GetCurrentCallstack
0x00007ff6c39a7409 (Unity) StackWalker::ShowCallstack
0x00007ff6c4e6fafc (Unity) GetStacktrace
0x00007ff6c5f4af63 (Unity) DebugStringToFile
0x00007ff6c37e1b39 (Unity) MonoManager::SetupLoadedEditorAssemblies
0x00007ff6c37d910c (Unity) MonoManager::EndReloadAssembly
0x00007ff6c37dffe9 (Unity) MonoManager::ReloadAssembly
0x00007ff6c4b7a2a1 (Unity) LoadDomainAndUserAssemblies
0x00007ff6c4b7a74e (Unity) LoadUserAssemblies
0x00007ff6c4507ee1 (Unity) Application::InitializeProject
0x00007ff6c4e7d0b2 (Unity) WinMain
0x00007ff6c6ce0c66 (Unity) __scrt_common_main_seh
0x00007fff25627c24 (KERNEL32) BaseThreadInitThunk
0x00007fff258cd4d1 (ntdll) RtlUserThreadStart

Native extension for WindowsStandalone target not found
Native extension for OSXStandalone target not found
Refreshing native plugins compatible for Editor in 59.20 ms, found 1 plugins.
Preloading 0 native plugins for Editor in 0.00 ms.
Invoked RoslynAnalysisRunner static constructor.
RoslynAnalysisRunner will not be running.
RoslynAnalysisRunner has terminated.
Mono: successfully reloaded assembly
- Completed reload, in  2.340 seconds
Platform modules already initialized, skipping
========================================================================
Worker process is ready to serve import requests
Launched and connected shader compiler UnityShaderCompiler.exe after 0.09 seconds
Refreshing native plugins compatible for Editor in 0.64 ms, found 1 plugins.
Preloading 0 native plugins for Editor in 0.00 ms.
Unloading 1890 Unused Serialized files (Serialized files now loaded: 0)
System memory in use before: 87.0 MB.
System memory in use after: 87.0 MB.

Unloading 32 unused Assets to reduce memory usage. Loaded Objects now: 2322.
Total: 3.515300 ms (FindLiveObjects: 0.922900 ms CreateObjectMapping: 0.176800 ms MarkObjects: 2.281600 ms  DeleteObjects: 0.132900 ms)

========================================================================
Received Import Request.
  path: Assets/Scenes/Widget.unity
  artifactKey: Guid(d3ec1836501f3f344ac1485c65e0c365) Importer(815301076,1909f56bfc062723c751e8b465ee728b)
Start importing Assets/Scenes/Widget.unity using Guid(d3ec1836501f3f344ac1485c65e0c365) Importer(815301076,1909f56bfc062723c751e8b465ee728b)  -> (artifact id: '0e7ce27957562c5f9eca8b353ad6da7c') in 0.040771 seconds
  Import took 0.046441 seconds .

========================================================================
Received Prepare
Registering precompiled user dll's ...
Registered in 0.001564 seconds.
Begin MonoManager ReloadAssembly
Error: Could not load signature of Unity.Android.Logcat.AndroidLogcat:.ctor due to: Could not load file or assembly 'UnityEditor.Android.Extensions, Version=1.0.0.0, Culture=neutral, PublicKeyToken=null' or one of its dependencies. assembly:UnityEditor.Android.Extensions, Version=1.0.0.0, Culture=neutral, PublicKeyToken=null type:<unknown type> member:(null) signature:<none>
0x00007ff6c399f02c (Unity) StackWalker::GetCurrentCallstack
0x00007ff6c39a7409 (Unity) StackWalker::ShowCallstack
0x00007ff6c4e6fafc (Unity) GetStacktrace
0x00007ff6c5f4af63 (Unity) DebugStringToFile
0x00007ff6c37c59eb (Unity) ScanForAttributesAndInterfaceImplementations
0x00007ff6c37d8dba (Unity) MonoManager::EndReloadAssembly
0x00007ff6c37dffe9 (Unity) MonoManager::ReloadAssembly
0x00007ff6c4b7a2a1 (Unity) LoadDomainAndUserAssemblies
0x00007ff6c4b7a74e (Unity) LoadUserAssemblies
0x00007ff6c4fa39e9 (Unity) <lambda_fe9441f73272b7bdb4fc543a788e7929>::operator()
0x00007ff6c506dd82 (Unity) asio::detail::completion_handler<core::mutable_function<void __cdecl(void)> >::do_complete
0x00007ff6c506fee0 (Unity) asio::detail::win_iocp_io_service::do_one
0x00007ff6c507366e (Unity) asio::io_service::run
0x00007ff6c4fe9ba0 (Unity) RunAssetImportWorkerClientV2
0x00007ff6c4fe9bf0 (Unity) RunAssetImporterV2
0x00007ff6c4507ee6 (Unity) Application::InitializeProject
0x00007ff6c4e7d0b2 (Unity) WinMain
0x00007ff6c6ce0c66 (Unity) __scrt_common_main_seh
0x00007fff25627c24 (KERNEL32) BaseThreadInitThunk
0x00007fff258cd4d1 (ntdll) RtlUserThreadStart

Unloading broken assembly Library/ScriptAssemblies/Unity.Mobile.AndroidLogcat.Editor.dll, this assembly can cause crashes in the runtime
0x00007ff6c399f02c (Unity) StackWalker::GetCurrentCallstack
0x00007ff6c39a7409 (Unity) StackWalker::ShowCallstack
0x00007ff6c4e6fafc (Unity) GetStacktrace
0x00007ff6c5f4af63 (Unity) DebugStringToFile
0x00007ff6c37e1b39 (Unity) MonoManager::SetupLoadedEditorAssemblies
0x00007ff6c37d910c (Unity) MonoManager::EndReloadAssembly
0x00007ff6c37dffe9 (Unity) MonoManager::ReloadAssembly
0x00007ff6c4b7a2a1 (Unity) LoadDomainAndUserAssemblies
0x00007ff6c4b7a74e (Unity) LoadUserAssemblies
0x00007ff6c4fa39e9 (Unity) <lambda_fe9441f73272b7bdb4fc543a788e7929>::operator()
0x00007ff6c506dd82 (Unity) asio::detail::completion_handler<core::mutable_function<void __cdecl(void)> >::do_complete
0x00007ff6c506fee0 (Unity) asio::detail::win_iocp_io_service::do_one
0x00007ff6c507366e (Unity) asio::io_service::run
0x00007ff6c4fe9ba0 (Unity) RunAssetImportWorkerClientV2
0x00007ff6c4fe9bf0 (Unity) RunAssetImporterV2
0x00007ff6c4507ee6 (Unity) Application::InitializeProject
0x00007ff6c4e7d0b2 (Unity) WinMain
0x00007ff6c6ce0c66 (Unity) __scrt_common_main_seh
0x00007fff25627c24 (KERNEL32) BaseThreadInitThunk
0x00007fff258cd4d1 (ntdll) RtlUserThreadStart

Native extension for WindowsStandalone target not found
Native extension for OSXStandalone target not found
Refreshing native plugins compatible for Editor in 0.56 ms, found 1 plugins.
Preloading 0 native plugins for Editor in 0.00 ms.
Invoked RoslynAnalysisRunner static constructor.
RoslynAnalysisRunner will not be running.
RoslynAnalysisRunner has terminated.
Mono: successfully reloaded assembly
- Completed reload, in  1.344 seconds
Platform modules already initialized, skipping
Switching build target platform(5) subTarget(0) extendedPlatform(0) -> platform(13) subTarget(537395200) extendedPlatform(0)
Refreshing native plugins compatible for Editor in 0.55 ms, found 1 plugins.
Preloading 0 native plugins for Editor in 0.00 ms.
Unloading 1883 Unused Serialized files (Serialized files now loaded: 0)
System memory in use before: 86.6 MB.
System memory in use after: 86.7 MB.

Unloading 20 unused Assets to reduce memory usage. Loaded Objects now: 2325.
Total: 2.744600 ms (FindLiveObjects: 0.288400 ms CreateObjectMapping: 0.145500 ms MarkObjects: 2.282400 ms  DeleteObjects: 0.027000 ms)

AssetImportParameters requested are different than current active one (requested -> active):
  custom:graphics/normal-map-encoding: 01000000000000000000000000000000 -> 02000000000000000000000000000000
========================================================================
Received Prepare
Registering precompiled user dll's ...
Registered in 0.000824 seconds.
Begin MonoManager ReloadAssembly
Error: Could not load signature of Unity.Android.Logcat.AndroidLogcat:.ctor due to: Could not load file or assembly 'UnityEditor.Android.Extensions, Version=1.0.0.0, Culture=neutral, PublicKeyToken=null' or one of its dependencies. assembly:UnityEditor.Android.Extensions, Version=1.0.0.0, Culture=neutral, PublicKeyToken=null type:<unknown type> member:(null) signature:<none>
0x00007ff6c399f02c (Unity) StackWalker::GetCurrentCallstack
0x00007ff6c39a7409 (Unity) StackWalker::ShowCallstack
0x00007ff6c4e6fafc (Unity) GetStacktrace
0x00007ff6c5f4af63 (Unity) DebugStringToFile
0x00007ff6c37c59eb (Unity) ScanForAttributesAndInterfaceImplementations
0x00007ff6c37d8dba (Unity) MonoManager::EndReloadAssembly
0x00007ff6c37dffe9 (Unity) MonoManager::ReloadAssembly
0x00007ff6c4b7a2a1 (Unity) LoadDomainAndUserAssemblies
0x00007ff6c4b7a74e (Unity) LoadUserAssemblies
0x00007ff6c4fa39e9 (Unity) <lambda_fe9441f73272b7bdb4fc543a788e7929>::operator()
0x00007ff6c506dd82 (Unity) asio::detail::completion_handler<core::mutable_function<void __cdecl(void)> >::do_complete
0x00007ff6c506fee0 (Unity) asio::detail::win_iocp_io_service::do_one
0x00007ff6c507366e (Unity) asio::io_service::run
0x00007ff6c4fe9ba0 (Unity) RunAssetImportWorkerClientV2
0x00007ff6c4fe9bf0 (Unity) RunAssetImporterV2
0x00007ff6c4507ee6 (Unity) Application::InitializeProject
0x00007ff6c4e7d0b2 (Unity) WinMain
0x00007ff6c6ce0c66 (Unity) __scrt_common_main_seh
0x00007fff25627c24 (KERNEL32) BaseThreadInitThunk
0x00007fff258cd4d1 (ntdll) RtlUserThreadStart

Unloading broken assembly Library/ScriptAssemblies/Unity.Mobile.AndroidLogcat.Editor.dll, this assembly can cause crashes in the runtime
0x00007ff6c399f02c (Unity) StackWalker::GetCurrentCallstack
0x00007ff6c39a7409 (Unity) StackWalker::ShowCallstack
0x00007ff6c4e6fafc (Unity) GetStacktrace
0x00007ff6c5f4af63 (Unity) DebugStringToFile
0x00007ff6c37e1b39 (Unity) MonoManager::SetupLoadedEditorAssemblies
0x00007ff6c37d910c (Unity) MonoManager::EndReloadAssembly
0x00007ff6c37dffe9 (Unity) MonoManager::ReloadAssembly
0x00007ff6c4b7a2a1 (Unity) LoadDomainAndUserAssemblies
0x00007ff6c4b7a74e (Unity) LoadUserAssemblies
0x00007ff6c4fa39e9 (Unity) <lambda_fe9441f73272b7bdb4fc543a788e7929>::operator()
0x00007ff6c506dd82 (Unity) asio::detail::completion_handler<core::mutable_function<void __cdecl(void)> >::do_complete
0x00007ff6c506fee0 (Unity) asio::detail::win_iocp_io_service::do_one
0x00007ff6c507366e (Unity) asio::io_service::run
0x00007ff6c4fe9ba0 (Unity) RunAssetImportWorkerClientV2
0x00007ff6c4fe9bf0 (Unity) RunAssetImporterV2
0x00007ff6c4507ee6 (Unity) Application::InitializeProject
0x00007ff6c4e7d0b2 (Unity) WinMain
0x00007ff6c6ce0c66 (Unity) __scrt_common_main_seh
0x00007fff25627c24 (KERNEL32) BaseThreadInitThunk
0x00007fff258cd4d1 (ntdll) RtlUserThreadStart

Native extension for WindowsStandalone target not found
Native extension for OSXStandalone target not found
Refreshing native plugins compatible for Editor in 0.57 ms, found 1 plugins.
Preloading 0 native plugins for Editor in 0.00 ms.
Invoked RoslynAnalysisRunner static constructor.
RoslynAnalysisRunner will not be running.
RoslynAnalysisRunner has terminated.
Mono: successfully reloaded assembly
- Completed reload, in  1.532 seconds
Platform modules already initialized, skipping
Switching build target platform(5) subTarget(0) extendedPlatform(0) -> platform(13) subTarget(537395200) extendedPlatform(0)
Refreshing native plugins compatible for Editor in 0.60 ms, found 1 plugins.
Preloading 0 native plugins for Editor in 0.00 ms.
Unloading 1883 Unused Serialized files (Serialized files now loaded: 0)
System memory in use before: 86.7 MB.
System memory in use after: 86.8 MB.

Unloading 20 unused Assets to reduce memory usage. Loaded Objects now: 2328.
Total: 3.220600 ms (FindLiveObjects: 0.205400 ms CreateObjectMapping: 0.084100 ms MarkObjects: 2.898600 ms  DeleteObjects: 0.030600 ms)

AssetImportParameters requested are different than current active one (requested -> active):
  custom:graphics/normal-map-encoding: 01000000000000000000000000000000 -> 02000000000000000000000000000000
========================================================================
Received Prepare
Refreshing native plugins compatible for Editor in 4.27 ms, found 1 plugins.
Preloading 0 native plugins for Editor in 0.00 ms.
Unloading 18 Unused Serialized files (Serialized files now loaded: 0)
System memory in use before: 50.0 MB.
System memory in use after: 50.1 MB.

Unloading 18 unused Assets to reduce memory usage. Loaded Objects now: 2328.
Total: 2.607100 ms (FindLiveObjects: 0.216300 ms CreateObjectMapping: 0.078700 ms MarkObjects: 2.285100 ms  DeleteObjects: 0.025200 ms)

========================================================================
Received Prepare
Registering precompiled user dll's ...
Registered in 0.007742 seconds.
Begin MonoManager ReloadAssembly
Error: Could not load signature of Unity.Android.Logcat.AndroidLogcat:.ctor due to: Could not load file or assembly 'UnityEditor.Android.Extensions, Version=1.0.0.0, Culture=neutral, PublicKeyToken=null' or one of its dependencies. assembly:UnityEditor.Android.Extensions, Version=1.0.0.0, Culture=neutral, PublicKeyToken=null type:<unknown type> member:(null) signature:<none>
0x00007ff6c399f02c (Unity) StackWalker::GetCurrentCallstack
0x00007ff6c39a7409 (Unity) StackWalker::ShowCallstack
0x00007ff6c4e6fafc (Unity) GetStacktrace
0x00007ff6c5f4af63 (Unity) DebugStringToFile
0x00007ff6c37c59eb (Unity) ScanForAttributesAndInterfaceImplementations
0x00007ff6c37d8dba (Unity) MonoManager::EndReloadAssembly
0x00007ff6c37dffe9 (Unity) MonoManager::ReloadAssembly
0x00007ff6c4b7a2a1 (Unity) LoadDomainAndUserAssemblies
0x00007ff6c4b7a74e (Unity) LoadUserAssemblies
0x00007ff6c4fa39e9 (Unity) <lambda_fe9441f73272b7bdb4fc543a788e7929>::operator()
0x00007ff6c506dd82 (Unity) asio::detail::completion_handler<core::mutable_function<void __cdecl(void)> >::do_complete
0x00007ff6c506fee0 (Unity) asio::detail::win_iocp_io_service::do_one
0x00007ff6c507366e (Unity) asio::io_service::run
0x00007ff6c4fe9ba0 (Unity) RunAssetImportWorkerClientV2
0x00007ff6c4fe9bf0 (Unity) RunAssetImporterV2
0x00007ff6c4507ee6 (Unity) Application::InitializeProject
0x00007ff6c4e7d0b2 (Unity) WinMain
0x00007ff6c6ce0c66 (Unity) __scrt_common_main_seh
0x00007fff25627c24 (KERNEL32) BaseThreadInitThunk
0x00007fff258cd4d1 (ntdll) RtlUserThreadStart

Unloading broken assembly Library/ScriptAssemblies/Unity.Mobile.AndroidLogcat.Editor.dll, this assembly can cause crashes in the runtime
0x00007ff6c399f02c (Unity) StackWalker::GetCurrentCallstack
0x00007ff6c39a7409 (Unity) StackWalker::ShowCallstack
0x00007ff6c4e6fafc (Unity) GetStacktrace
0x00007ff6c5f4af63 (Unity) DebugStringToFile
0x00007ff6c37e1b39 (Unity) MonoManager::SetupLoadedEditorAssemblies
0x00007ff6c37d910c (Unity) MonoManager::EndReloadAssembly
0x00007ff6c37dffe9 (Unity) MonoManager::ReloadAssembly
0x00007ff6c4b7a2a1 (Unity) LoadDomainAndUserAssemblies
0x00007ff6c4b7a74e (Unity) LoadUserAssemblies
0x00007ff6c4fa39e9 (Unity) <lambda_fe9441f73272b7bdb4fc543a788e7929>::operator()
0x00007ff6c506dd82 (Unity) asio::detail::completion_handler<core::mutable_function<void __cdecl(void)> >::do_complete
0x00007ff6c506fee0 (Unity) asio::detail::win_iocp_io_service::do_one
0x00007ff6c507366e (Unity) asio::io_service::run
0x00007ff6c4fe9ba0 (Unity) RunAssetImportWorkerClientV2
0x00007ff6c4fe9bf0 (Unity) RunAssetImporterV2
0x00007ff6c4507ee6 (Unity) Application::InitializeProject
0x00007ff6c4e7d0b2 (Unity) WinMain
0x00007ff6c6ce0c66 (Unity) __scrt_common_main_seh
0x00007fff25627c24 (KERNEL32) BaseThreadInitThunk
0x00007fff258cd4d1 (ntdll) RtlUserThreadStart

Native extension for WindowsStandalone target not found
Native extension for OSXStandalone target not found
Refreshing native plugins compatible for Editor in 0.86 ms, found 1 plugins.
Preloading 0 native plugins for Editor in 0.00 ms.
Invoked RoslynAnalysisRunner static constructor.
RoslynAnalysisRunner will not be running.
RoslynAnalysisRunner has terminated.
Mono: successfully reloaded assembly
- Completed reload, in  3.222 seconds
Platform modules already initialized, skipping
Switching build target platform(5) subTarget(0) extendedPlatform(0) -> platform(13) subTarget(537395200) extendedPlatform(0)
Refreshing native plugins compatible for Editor in 0.58 ms, found 1 plugins.
Preloading 0 native plugins for Editor in 0.00 ms.
Unloading 1883 Unused Serialized files (Serialized files now loaded: 0)
System memory in use before: 86.8 MB.
System memory in use after: 87.0 MB.

Unloading 20 unused Assets to reduce memory usage. Loaded Objects now: 2331.
Total: 3.390500 ms (FindLiveObjects: 0.235700 ms CreateObjectMapping: 0.394200 ms MarkObjects: 2.730700 ms  DeleteObjects: 0.027700 ms)

AssetImportParameters requested are different than current active one (requested -> active):
  custom:graphics/normal-map-encoding: 01000000000000000000000000000000 -> 02000000000000000000000000000000
========================================================================
Received Prepare
Registering precompiled user dll's ...
Registered in 0.001117 seconds.
Begin MonoManager ReloadAssembly
Error: Could not load signature of Unity.Android.Logcat.AndroidLogcat:.ctor due to: Could not load file or assembly 'UnityEditor.Android.Extensions, Version=1.0.0.0, Culture=neutral, PublicKeyToken=null' or one of its dependencies. assembly:UnityEditor.Android.Extensions, Version=1.0.0.0, Culture=neutral, PublicKeyToken=null type:<unknown type> member:(null) signature:<none>
0x00007ff6c399f02c (Unity) StackWalker::GetCurrentCallstack
0x00007ff6c39a7409 (Unity) StackWalker::ShowCallstack
0x00007ff6c4e6fafc (Unity) GetStacktrace
0x00007ff6c5f4af63 (Unity) DebugStringToFile
0x00007ff6c37c59eb (Unity) ScanForAttributesAndInterfaceImplementations
0x00007ff6c37d8dba (Unity) MonoManager::EndReloadAssembly
0x00007ff6c37dffe9 (Unity) MonoManager::ReloadAssembly
0x00007ff6c4b7a2a1 (Unity) LoadDomainAndUserAssemblies
0x00007ff6c4b7a74e (Unity) LoadUserAssemblies
0x00007ff6c4fa39e9 (Unity) <lambda_fe9441f73272b7bdb4fc543a788e7929>::operator()
0x00007ff6c506dd82 (Unity) asio::detail::completion_handler<core::mutable_function<void __cdecl(void)> >::do_complete
0x00007ff6c506fee0 (Unity) asio::detail::win_iocp_io_service::do_one
0x00007ff6c507366e (Unity) asio::io_service::run
0x00007ff6c4fe9ba0 (Unity) RunAssetImportWorkerClientV2
0x00007ff6c4fe9bf0 (Unity) RunAssetImporterV2
0x00007ff6c4507ee6 (Unity) Application::InitializeProject
0x00007ff6c4e7d0b2 (Unity) WinMain
0x00007ff6c6ce0c66 (Unity) __scrt_common_main_seh
0x00007fff25627c24 (KERNEL32) BaseThreadInitThunk
0x00007fff258cd4d1 (ntdll) RtlUserThreadStart

Unloading broken assembly Library/ScriptAssemblies/Unity.Mobile.AndroidLogcat.Editor.dll, this assembly can cause crashes in the runtime
0x00007ff6c399f02c (Unity) StackWalker::GetCurrentCallstack
0x00007ff6c39a7409 (Unity) StackWalker::ShowCallstack
0x00007ff6c4e6fafc (Unity) GetStacktrace
0x00007ff6c5f4af63 (Unity) DebugStringToFile
0x00007ff6c37e1b39 (Unity) MonoManager::SetupLoadedEditorAssemblies
0x00007ff6c37d910c (Unity) MonoManager::EndReloadAssembly
0x00007ff6c37dffe9 (Unity) MonoManager::ReloadAssembly
0x00007ff6c4b7a2a1 (Unity) LoadDomainAndUserAssemblies
0x00007ff6c4b7a74e (Unity) LoadUserAssemblies
0x00007ff6c4fa39e9 (Unity) <lambda_fe9441f73272b7bdb4fc543a788e7929>::operator()
0x00007ff6c506dd82 (Unity) asio::detail::completion_handler<core::mutable_function<void __cdecl(void)> >::do_complete
0x00007ff6c506fee0 (Unity) asio::detail::win_iocp_io_service::do_one
0x00007ff6c507366e (Unity) asio::io_service::run
0x00007ff6c4fe9ba0 (Unity) RunAssetImportWorkerClientV2
0x00007ff6c4fe9bf0 (Unity) RunAssetImporterV2
0x00007ff6c4507ee6 (Unity) Application::InitializeProject
0x00007ff6c4e7d0b2 (Unity) WinMain
0x00007ff6c6ce0c66 (Unity) __scrt_common_main_seh
0x00007fff25627c24 (KERNEL32) BaseThreadInitThunk
0x00007fff258cd4d1 (ntdll) RtlUserThreadStart

Native extension for WindowsStandalone target not found
Native extension for OSXStandalone target not found
Refreshing native plugins compatible for Editor in 0.53 ms, found 1 plugins.
Preloading 0 native plugins for Editor in 0.00 ms.
Invoked RoslynAnalysisRunner static constructor.
RoslynAnalysisRunner will not be running.
RoslynAnalysisRunner has terminated.
Mono: successfully reloaded assembly
- Completed reload, in  1.107 seconds
Platform modules already initialized, skipping
Switching build target platform(5) subTarget(0) extendedPlatform(0) -> platform(13) subTarget(537395200) extendedPlatform(0)
Refreshing native plugins compatible for Editor in 0.56 ms, found 1 plugins.
Preloading 0 native plugins for Editor in 0.00 ms.
Unloading 1883 Unused Serialized files (Serialized files now loaded: 0)
System memory in use before: 86.9 MB.
System memory in use after: 87.0 MB.

Unloading 20 unused Assets to reduce memory usage. Loaded Objects now: 2334.
Total: 2.546100 ms (FindLiveObjects: 0.236200 ms CreateObjectMapping: 0.097000 ms MarkObjects: 2.185800 ms  DeleteObjects: 0.025500 ms)

AssetImportParameters requested are different than current active one (requested -> active):
  custom:graphics/normal-map-encoding: 01000000000000000000000000000000 -> 02000000000000000000000000000000
========================================================================
Received Prepare
Registering precompiled user dll's ...
Registered in 0.001065 seconds.
Begin MonoManager ReloadAssembly
Error: Could not load signature of Unity.Android.Logcat.AndroidLogcat:.ctor due to: Could not load file or assembly 'UnityEditor.Android.Extensions, Version=1.0.0.0, Culture=neutral, PublicKeyToken=null' or one of its dependencies. assembly:UnityEditor.Android.Extensions, Version=1.0.0.0, Culture=neutral, PublicKeyToken=null type:<unknown type> member:(null) signature:<none>
0x00007ff6c399f02c (Unity) StackWalker::GetCurrentCallstack
0x00007ff6c39a7409 (Unity) StackWalker::ShowCallstack
0x00007ff6c4e6fafc (Unity) GetStacktrace
0x00007ff6c5f4af63 (Unity) DebugStringToFile
0x00007ff6c37c59eb (Unity) ScanForAttributesAndInterfaceImplementations
0x00007ff6c37d8dba (Unity) MonoManager::EndReloadAssembly
0x00007ff6c37dffe9 (Unity) MonoManager::ReloadAssembly
0x00007ff6c4b7a2a1 (Unity) LoadDomainAndUserAssemblies
0x00007ff6c4b7a74e (Unity) LoadUserAssemblies
0x00007ff6c4fa39e9 (Unity) <lambda_fe9441f73272b7bdb4fc543a788e7929>::operator()
0x00007ff6c506dd82 (Unity) asio::detail::completion_handler<core::mutable_function<void __cdecl(void)> >::do_complete
0x00007ff6c506fee0 (Unity) asio::detail::win_iocp_io_service::do_one
0x00007ff6c507366e (Unity) asio::io_service::run
0x00007ff6c4fe9ba0 (Unity) RunAssetImportWorkerClientV2
0x00007ff6c4fe9bf0 (Unity) RunAssetImporterV2
0x00007ff6c4507ee6 (Unity) Application::InitializeProject
0x00007ff6c4e7d0b2 (Unity) WinMain
0x00007ff6c6ce0c66 (Unity) __scrt_common_main_seh
0x00007fff25627c24 (KERNEL32) BaseThreadInitThunk
0x00007fff258cd4d1 (ntdll) RtlUserThreadStart

Unloading broken assembly Library/ScriptAssemblies/Unity.Mobile.AndroidLogcat.Editor.dll, this assembly can cause crashes in the runtime
0x00007ff6c399f02c (Unity) StackWalker::GetCurrentCallstack
0x00007ff6c39a7409 (Unity) StackWalker::ShowCallstack
0x00007ff6c4e6fafc (Unity) GetStacktrace
0x00007ff6c5f4af63 (Unity) DebugStringToFile
0x00007ff6c37e1b39 (Unity) MonoManager::SetupLoadedEditorAssemblies
0x00007ff6c37d910c (Unity) MonoManager::EndReloadAssembly
0x00007ff6c37dffe9 (Unity) MonoManager::ReloadAssembly
0x00007ff6c4b7a2a1 (Unity) LoadDomainAndUserAssemblies
0x00007ff6c4b7a74e (Unity) LoadUserAssemblies
0x00007ff6c4fa39e9 (Unity) <lambda_fe9441f73272b7bdb4fc543a788e7929>::operator()
0x00007ff6c506dd82 (Unity) asio::detail::completion_handler<core::mutable_function<void __cdecl(void)> >::do_complete
0x00007ff6c506fee0 (Unity) asio::detail::win_iocp_io_service::do_one
0x00007ff6c507366e (Unity) asio::io_service::run
0x00007ff6c4fe9ba0 (Unity) RunAssetImportWorkerClientV2
0x00007ff6c4fe9bf0 (Unity) RunAssetImporterV2
0x00007ff6c4507ee6 (Unity) Application::InitializeProject
0x00007ff6c4e7d0b2 (Unity) WinMain
0x00007ff6c6ce0c66 (Unity) __scrt_common_main_seh
0x00007fff25627c24 (KERNEL32) BaseThreadInitThunk
0x00007fff258cd4d1 (ntdll) RtlUserThreadStart

Native extension for WindowsStandalone target not found
Native extension for OSXStandalone target not found
Refreshing native plugins compatible for Editor in 0.57 ms, found 1 plugins.
Preloading 0 native plugins for Editor in 0.00 ms.
Invoked RoslynAnalysisRunner static constructor.
RoslynAnalysisRunner will not be running.
RoslynAnalysisRunner has terminated.
Mono: successfully reloaded assembly
- Completed reload, in  1.240 seconds
Platform modules already initialized, skipping
Switching build target platform(5) subTarget(0) extendedPlatform(0) -> platform(13) subTarget(537395200) extendedPlatform(0)
Refreshing native plugins compatible for Editor in 0.51 ms, found 1 plugins.
Preloading 0 native plugins for Editor in 0.00 ms.
Unloading 1883 Unused Serialized files (Serialized files now loaded: 0)
System memory in use before: 87.0 MB.
System memory in use after: 87.1 MB.

Unloading 20 unused Assets to reduce memory usage. Loaded Objects now: 2337.
Total: 2.138900 ms (FindLiveObjects: 0.186700 ms CreateObjectMapping: 0.087700 ms MarkObjects: 1.828300 ms  DeleteObjects: 0.034500 ms)

AssetImportParameters requested are different than current active one (requested -> active):
  custom:graphics/normal-map-encoding: 01000000000000000000000000000000 -> 02000000000000000000000000000000
========================================================================
Received Prepare
Registering precompiled user dll's ...
Registered in 0.002418 seconds.
Begin MonoManager ReloadAssembly
Error: Could not load signature of Unity.Android.Logcat.AndroidLogcat:.ctor due to: Could not load file or assembly 'UnityEditor.Android.Extensions, Version=1.0.0.0, Culture=neutral, PublicKeyToken=null' or one of its dependencies. assembly:UnityEditor.Android.Extensions, Version=1.0.0.0, Culture=neutral, PublicKeyToken=null type:<unknown type> member:(null) signature:<none>
0x00007ff6c399f02c (Unity) StackWalker::GetCurrentCallstack
0x00007ff6c39a7409 (Unity) StackWalker::ShowCallstack
0x00007ff6c4e6fafc (Unity) GetStacktrace
0x00007ff6c5f4af63 (Unity) DebugStringToFile
0x00007ff6c37c59eb (Unity) ScanForAttributesAndInterfaceImplementations
0x00007ff6c37d8dba (Unity) MonoManager::EndReloadAssembly
0x00007ff6c37dffe9 (Unity) MonoManager::ReloadAssembly
0x00007ff6c4b7a2a1 (Unity) LoadDomainAndUserAssemblies
0x00007ff6c4b7a74e (Unity) LoadUserAssemblies
0x00007ff6c4fa39e9 (Unity) <lambda_fe9441f73272b7bdb4fc543a788e7929>::operator()
0x00007ff6c506dd82 (Unity) asio::detail::completion_handler<core::mutable_function<void __cdecl(void)> >::do_complete
0x00007ff6c506fee0 (Unity) asio::detail::win_iocp_io_service::do_one
0x00007ff6c507366e (Unity) asio::io_service::run
0x00007ff6c4fe9ba0 (Unity) RunAssetImportWorkerClientV2
0x00007ff6c4fe9bf0 (Unity) RunAssetImporterV2
0x00007ff6c4507ee6 (Unity) Application::InitializeProject
0x00007ff6c4e7d0b2 (Unity) WinMain
0x00007ff6c6ce0c66 (Unity) __scrt_common_main_seh
0x00007fff25627c24 (KERNEL32) BaseThreadInitThunk
0x00007fff258cd4d1 (ntdll) RtlUserThreadStart

Unloading broken assembly Library/ScriptAssemblies/Unity.Mobile.AndroidLogcat.Editor.dll, this assembly can cause crashes in the runtime
0x00007ff6c399f02c (Unity) StackWalker::GetCurrentCallstack
0x00007ff6c39a7409 (Unity) StackWalker::ShowCallstack
0x00007ff6c4e6fafc (Unity) GetStacktrace
0x00007ff6c5f4af63 (Unity) DebugStringToFile
0x00007ff6c37e1b39 (Unity) MonoManager::SetupLoadedEditorAssemblies
0x00007ff6c37d910c (Unity) MonoManager::EndReloadAssembly
0x00007ff6c37dffe9 (Unity) MonoManager::ReloadAssembly
0x00007ff6c4b7a2a1 (Unity) LoadDomainAndUserAssemblies
0x00007ff6c4b7a74e (Unity) LoadUserAssemblies
0x00007ff6c4fa39e9 (Unity) <lambda_fe9441f73272b7bdb4fc543a788e7929>::operator()
0x00007ff6c506dd82 (Unity) asio::detail::completion_handler<core::mutable_function<void __cdecl(void)> >::do_complete
0x00007ff6c506fee0 (Unity) asio::detail::win_iocp_io_service::do_one
0x00007ff6c507366e (Unity) asio::io_service::run
0x00007ff6c4fe9ba0 (Unity) RunAssetImportWorkerClientV2
0x00007ff6c4fe9bf0 (Unity) RunAssetImporterV2
0x00007ff6c4507ee6 (Unity) Application::InitializeProject
0x00007ff6c4e7d0b2 (Unity) WinMain
0x00007ff6c6ce0c66 (Unity) __scrt_common_main_seh
0x00007fff25627c24 (KERNEL32) BaseThreadInitThunk
0x00007fff258cd4d1 (ntdll) RtlUserThreadStart

Native extension for WindowsStandalone target not found
Native extension for OSXStandalone target not found
Refreshing native plugins compatible for Editor in 1.45 ms, found 1 plugins.
Preloading 0 native plugins for Editor in 0.00 ms.
Invoked RoslynAnalysisRunner static constructor.
RoslynAnalysisRunner will not be running.
RoslynAnalysisRunner has terminated.
Mono: successfully reloaded assembly
- Completed reload, in  3.326 seconds
Platform modules already initialized, skipping
Switching build target platform(5) subTarget(0) extendedPlatform(0) -> platform(13) subTarget(537395200) extendedPlatform(0)
Refreshing native plugins compatible for Editor in 0.87 ms, found 1 plugins.
Preloading 0 native plugins for Editor in 0.00 ms.
Unloading 1883 Unused Serialized files (Serialized files now loaded: 0)
System memory in use before: 87.0 MB.
System memory in use after: 87.1 MB.

Unloading 20 unused Assets to reduce memory usage. Loaded Objects now: 2340.
Total: 3.955400 ms (FindLiveObjects: 0.288900 ms CreateObjectMapping: 0.107300 ms MarkObjects: 3.521600 ms  DeleteObjects: 0.035800 ms)

AssetImportParameters requested are different than current active one (requested -> active):
  custom:graphics/normal-map-encoding: 01000000000000000000000000000000 -> 02000000000000000000000000000000
========================================================================
Received Import Request.
  Time since last request: 1810.595880 seconds.
  path: Assets/Fonts
  artifactKey: Guid(45750f9c29c7ccb4baea6ecb8dd13e90) Importer(815301076,1909f56bfc062723c751e8b465ee728b)
Start importing Assets/Fonts using Guid(45750f9c29c7ccb4baea6ecb8dd13e90) Importer(815301076,1909f56bfc062723c751e8b465ee728b)  -> (artifact id: '5f8d57d3ac909dfb0f865585dcab6469') in 0.026422 seconds
  Import took 0.112129 seconds .

========================================================================
Received Import Request.
  Time since last request: 80.513846 seconds.
  path: Assets/Fonts/Roboto-Regular.ttf
  artifactKey: Guid(0ea01fd1c5448ca478135f3892ade8d5) Importer(815301076,1909f56bfc062723c751e8b465ee728b)
Start importing Assets/Fonts/Roboto-Regular.ttf using Guid(0ea01fd1c5448ca478135f3892ade8d5) Importer(815301076,1909f56bfc062723c751e8b465ee728b)  -> (artifact id: 'f6c112ac1be3e8893c71ccdbad8476ed') in 0.620464 seconds
  Import took 0.693011 seconds .

========================================================================
Received Prepare
Registering precompiled user dll's ...
Registered in 0.001972 seconds.
Begin MonoManager ReloadAssembly
Error: Could not load signature of Unity.Android.Logcat.AndroidLogcat:.ctor due to: Could not load file or assembly 'UnityEditor.Android.Extensions, Version=1.0.0.0, Culture=neutral, PublicKeyToken=null' or one of its dependencies. assembly:UnityEditor.Android.Extensions, Version=1.0.0.0, Culture=neutral, PublicKeyToken=null type:<unknown type> member:(null) signature:<none>
0x00007ff6c399f02c (Unity) StackWalker::GetCurrentCallstack
0x00007ff6c39a7409 (Unity) StackWalker::ShowCallstack
0x00007ff6c4e6fafc (Unity) GetStacktrace
0x00007ff6c5f4af63 (Unity) DebugStringToFile
0x00007ff6c37c59eb (Unity) ScanForAttributesAndInterfaceImplementations
0x00007ff6c37d8dba (Unity) MonoManager::EndReloadAssembly
0x00007ff6c37dffe9 (Unity) MonoManager::ReloadAssembly
0x00007ff6c4b7a2a1 (Unity) LoadDomainAndUserAssemblies
0x00007ff6c4b7a74e (Unity) LoadUserAssemblies
0x00007ff6c4fa39e9 (Unity) <lambda_fe9441f73272b7bdb4fc543a788e7929>::operator()
0x00007ff6c506dd82 (Unity) asio::detail::completion_handler<core::mutable_function<void __cdecl(void)> >::do_complete
0x00007ff6c506fee0 (Unity) asio::detail::win_iocp_io_service::do_one
0x00007ff6c507366e (Unity) asio::io_service::run
0x00007ff6c4fe9ba0 (Unity) RunAssetImportWorkerClientV2
0x00007ff6c4fe9bf0 (Unity) RunAssetImporterV2
0x00007ff6c4507ee6 (Unity) Application::InitializeProject
0x00007ff6c4e7d0b2 (Unity) WinMain
0x00007ff6c6ce0c66 (Unity) __scrt_common_main_seh
0x00007fff25627c24 (KERNEL32) BaseThreadInitThunk
0x00007fff258cd4d1 (ntdll) RtlUserThreadStart

Unloading broken assembly Library/ScriptAssemblies/Unity.Mobile.AndroidLogcat.Editor.dll, this assembly can cause crashes in the runtime
0x00007ff6c399f02c (Unity) StackWalker::GetCurrentCallstack
0x00007ff6c39a7409 (Unity) StackWalker::ShowCallstack
0x00007ff6c4e6fafc (Unity) GetStacktrace
0x00007ff6c5f4af63 (Unity) DebugStringToFile
0x00007ff6c37e1b39 (Unity) MonoManager::SetupLoadedEditorAssemblies
0x00007ff6c37d910c (Unity) MonoManager::EndReloadAssembly
0x00007ff6c37dffe9 (Unity) MonoManager::ReloadAssembly
0x00007ff6c4b7a2a1 (Unity) LoadDomainAndUserAssemblies
0x00007ff6c4b7a74e (Unity) LoadUserAssemblies
0x00007ff6c4fa39e9 (Unity) <lambda_fe9441f73272b7bdb4fc543a788e7929>::operator()
0x00007ff6c506dd82 (Unity) asio::detail::completion_handler<core::mutable_function<void __cdecl(void)> >::do_complete
0x00007ff6c506fee0 (Unity) asio::detail::win_iocp_io_service::do_one
0x00007ff6c507366e (Unity) asio::io_service::run
0x00007ff6c4fe9ba0 (Unity) RunAssetImportWorkerClientV2
0x00007ff6c4fe9bf0 (Unity) RunAssetImporterV2
0x00007ff6c4507ee6 (Unity) Application::InitializeProject
0x00007ff6c4e7d0b2 (Unity) WinMain
0x00007ff6c6ce0c66 (Unity) __scrt_common_main_seh
0x00007fff25627c24 (KERNEL32) BaseThreadInitThunk
0x00007fff258cd4d1 (ntdll) RtlUserThreadStart

Native extension for WindowsStandalone target not found
Native extension for OSXStandalone target not found
Refreshing native plugins compatible for Editor in 0.64 ms, found 1 plugins.
Preloading 0 native plugins for Editor in 0.00 ms.
Invoked RoslynAnalysisRunner static constructor.
RoslynAnalysisRunner will not be running.
RoslynAnalysisRunner has terminated.
Mono: successfully reloaded assembly
- Completed reload, in  1.785 seconds
Platform modules already initialized, skipping
Switching build target platform(5) subTarget(0) extendedPlatform(0) -> platform(13) subTarget(537395200) extendedPlatform(0)
Refreshing native plugins compatible for Editor in 0.87 ms, found 1 plugins.
Preloading 0 native plugins for Editor in 0.00 ms.
Unloading 1883 Unused Serialized files (Serialized files now loaded: 0)
System memory in use before: 90.5 MB.
System memory in use after: 90.7 MB.

Unloading 20 unused Assets to reduce memory usage. Loaded Objects now: 2387.
Total: 3.053700 ms (FindLiveObjects: 0.258400 ms CreateObjectMapping: 0.115300 ms MarkObjects: 2.647600 ms  DeleteObjects: 0.030200 ms)

AssetImportParameters requested are different than current active one (requested -> active):
  custom:graphics/normal-map-encoding: 01000000000000000000000000000000 -> 02000000000000000000000000000000
========================================================================
Received Prepare
Refreshing native plugins compatible for Editor in 5.45 ms, found 1 plugins.
Preloading 0 native plugins for Editor in 0.00 ms.
Unloading 18 Unused Serialized files (Serialized files now loaded: 0)
System memory in use before: 53.8 MB.
System memory in use after: 53.9 MB.

Unloading 18 unused Assets to reduce memory usage. Loaded Objects now: 2387.
Total: 2.965100 ms (FindLiveObjects: 0.407200 ms CreateObjectMapping: 0.140300 ms MarkObjects: 2.389800 ms  DeleteObjects: 0.026800 ms)

========================================================================
Received Import Request.
  Time since last request: 646.980616 seconds.
  path: Assets/Scenes/Widget.unity
  artifactKey: Guid(d3ec1836501f3f344ac1485c65e0c365) Importer(815301076,1909f56bfc062723c751e8b465ee728b)
Start importing Assets/Scenes/Widget.unity using Guid(d3ec1836501f3f344ac1485c65e0c365) Importer(815301076,1909f56bfc062723c751e8b465ee728b)  -> (artifact id: '2f74040f16e2c817567b3538cd196122') in 0.029414 seconds
  Import took 0.215746 seconds .

========================================================================
Received Import Request.
  Time since last request: 10.893073 seconds.
  path: Assets/Scenes/Main_menu.unity
  artifactKey: Guid(d3ec1836501f3f344ac1485c65e0c365) Importer(815301076,1909f56bfc062723c751e8b465ee728b)
Start importing Assets/Scenes/Main_menu.unity using Guid(d3ec1836501f3f344ac1485c65e0c365) Importer(815301076,1909f56bfc062723c751e8b465ee728b)  -> (artifact id: '3fa85b5bf7d84e8e147e04b08079c74c') in 0.008186 seconds
  Import took 0.046021 seconds .

AssetImportWorkerClient::OnTransportError - code=2 error=End of file
